<?xml version="1.0" encoding="UTF-8"?>
<testsuite name="ScanOperatorTest" tests="1" skipped="0" failures="0" errors="0" timestamp="2020-07-21T15:27:06" hostname="INMACSWBN9.domain.name" time="0.041">
  <properties/>
  <testcase name="runScan" classname="ScanOperatorTest" time="0.041"/>
  <system-out><![CDATA[]]></system-out>
  <system-err><![CDATA[]]></system-err>
</testsuite>
